<?xml version="1.0" encoding="UTF-8"?>
<!-- Generated by org.testng.reporters.JUnitXMLReporter -->
<testsuite hostname="ShashankSharma-PC" ignored="0" name="Command line test" tests="1" failures="0" timestamp="28 Oct 2017 16:11:33 GMT" time="0.061" errors="0">
  <testcase name="@BeforeTest setup" time="0.048" classname="com.test.frameworks.AutomationFrameworkProject.tests.TestAdminLoginPage">
    <failure type="java.lang.IllegalStateException" message="The driver executable does not exist: C:\Users\Shashank Sharma\workspace\talentCentralAutomationProject\browserDrivers\chromedriver.exe">
      <![CDATA[java.lang.IllegalStateException: The driver executable does not exist: C:\Users\Shashank Sharma\workspace\talentCentralAutomationProject\browserDrivers\chromedriver.exe
	at com.google.common.base.Preconditions.checkState(Preconditions.java:534)
	at org.openqa.selenium.remote.service.DriverService.checkExecutable(DriverService.java:136)
	at org.openqa.selenium.remote.service.DriverService.findExecutable(DriverService.java:131)
	at org.openqa.selenium.chrome.ChromeDriverService.access$000(ChromeDriverService.java:32)
	at org.openqa.selenium.chrome.ChromeDriverService$Builder.findDefaultExecutable(ChromeDriverService.java:137)
	at org.openqa.selenium.remote.service.DriverService$Builder.build(DriverService.java:329)
	at org.openqa.selenium.chrome.ChromeDriverService.createDefaultService(ChromeDriverService.java:88)
	at org.openqa.selenium.chrome.ChromeDriver.<init>(ChromeDriver.java:123)
	at com.test.frameworks.AutomationFrameworkProject.tests.TestAdminLoginPage.setup(TestAdminLoginPage.java:21)
... Removed 33 stack frames]]>
    </failure>
  </testcase> <!-- @BeforeTest setup -->
  <testcase name="@AfterTest shutDown" time="0.0" classname="com.test.frameworks.AutomationFrameworkProject.tests.TestAdminLoginPage">
    <skipped/>
  </testcase> <!-- @AfterTest shutDown -->
  <testcase name="testAdminLogin" time="0.0" classname="com.test.frameworks.AutomationFrameworkProject.tests.TestAdminLoginPage">
    <skipped/>
  </testcase> <!-- testAdminLogin -->
</testsuite> <!-- Command line test -->
