-------------------------------------------------------------------------------
Test set: TestSuite
-------------------------------------------------------------------------------
Tests run: 4, Failures: 1, Errors: 0, Skipped: 2, Time elapsed: 0.648 sec <<< FAILURE!
setup(com.test.frameworks.AutomationFrameworkProject.tests.TestAdminLoginPage)  Time elapsed: 0.248 sec  <<< FAILURE!
java.lang.IllegalStateException: The driver executable does not exist: C:\Users\Shashank Sharma\workspace\talentCentralAutomationProject\browserDrivers\chromedriver.exe
	at com.google.common.base.Preconditions.checkState(Preconditions.java:534)
	at org.openqa.selenium.remote.service.DriverService.checkExecutable(DriverService.java:136)
	at org.openqa.selenium.remote.service.DriverService.findExecutable(DriverService.java:131)
	at org.openqa.selenium.chrome.ChromeDriverService.access$000(ChromeDriverService.java:32)
	at org.openqa.selenium.chrome.ChromeDriverService$Builder.findDefaultExecutable(ChromeDriverService.java:137)
	at org.openqa.selenium.remote.service.DriverService$Builder.build(DriverService.java:329)
	at org.openqa.selenium.chrome.ChromeDriverService.createDefaultService(ChromeDriverService.java:88)
	at org.openqa.selenium.chrome.ChromeDriver.<init>(ChromeDriver.java:123)
	at com.test.frameworks.AutomationFrameworkProject.tests.TestAdminLoginPage.setup(TestAdminLoginPage.java:21)

